<?xml version="1.0" encoding="UTF-8"?>
<!-- Generated by org.testng.reporters.JUnitReportReporter -->
<testsuite hostname="LIN41006109" failures="0" tests="1" name="com.Test.Get404" time="0.892" errors="0" timestamp="2022-01-21T20:20:18 IST" skipped="0">
  <testcase classname="com.Test.Get404" name="nonExistingUrlReturns404" time="0.892"/>
  <system-out/>
</testsuite> <!-- com.Test.Get404 -->
