<?xml version="1.0" encoding="UTF-8"?>
<!-- Generated by org.testng.reporters.JUnitReportReporter -->
<testsuite hostname="LIN41006109" failures="0" tests="2" name="com.Test.BodyTestWithSimpleMap" time="1.147" errors="0" timestamp="2022-01-22T15:20:37 IST" skipped="0">
  <testcase classname="com.Test.BodyTestWithSimpleMap" name="returnsCorrectLogin" time="0.465"/>
  <system-out/>
  <testcase classname="com.Test.BodyTestWithSimpleMap" name="returnsCorrectId" time="0.682"/>
  <system-out/>
</testsuite> <!-- com.Test.BodyTestWithSimpleMap -->
