<?xml version="1.0" encoding="UTF-8"?>
<!-- Generated by org.testng.reporters.JUnitReportReporter -->
<testsuite hostname="LIN41006109" failures="0" tests="3" name="com.Test.Get401" time="2.011" errors="0" timestamp="2022-01-21T20:38:34 IST" skipped="0">
  <testcase classname="com.Test.Get401" name="userReturns401" time="0.845"/>
  <system-out/>
  <testcase classname="com.Test.Get401" name="userReturns401" time="0.454"/>
  <system-out/>
  <testcase classname="com.Test.Get401" name="userReturns401" time="0.712"/>
  <system-out/>
</testsuite> <!-- com.Test.Get401 -->
