<?xml version="1.0" encoding="UTF-8"?>
<!-- Generated by org.testng.reporters.JUnitReportReporter -->
<testsuite hostname="LIN41006109" failures="0" tests="1" name="com.Test.BodyTestWithJackson" time="2.011" errors="0" timestamp="2022-01-23T15:06:21 IST" skipped="0">
  <testcase classname="com.Test.BodyTestWithJackson" name="correctRateLimitsAreSet" time="2.011"/>
  <system-out/>
</testsuite> <!-- com.Test.BodyTestWithJackson -->
