<?xml version="1.0" encoding="UTF-8"?>
<!-- Generated by org.testng.reporters.JUnitReportReporter -->
<testsuite hostname="LIN41006109" failures="0" tests="3" name="com.Test.Get200" time="2.813" errors="0" timestamp="2022-01-21T20:17:09 IST" skipped="0">
  <testcase classname="com.Test.Get200" name="baseUrlReturns200" time="1.079"/>
  <system-out/>
  <testcase classname="com.Test.Get200" name="rateLimitReturns200" time="0.340"/>
  <system-out/>
  <testcase classname="com.Test.Get200" name="searchResponseReturns200" time="1.394"/>
  <system-out/>
</testsuite> <!-- com.Test.Get200 -->
