<?xml version="1.0" encoding="UTF-8"?>
<!-- Generated by org.testng.reporters.JUnitReportReporter -->
<testsuite hostname="LIN41006109" failures="0" tests="1" name="com.Test.Options204" time="1.024" errors="0" timestamp="2022-01-23T20:34:57 IST" skipped="0">
  <testcase classname="com.Test.Options204" name="optionsReturnsCorrectMethodsList" time="1.024"/>
  <system-out/>
</testsuite> <!-- com.Test.Options204 -->
