<?xml version="1.0" encoding="UTF-8"?>
<!-- Generated by org.testng.reporters.JUnitReportReporter -->
<testsuite hostname="LIN41006109" failures="0" tests="4" name="com.Test.ResponseHeaders" time="1.431" errors="0" timestamp="2022-01-22T14:59:15 IST" skipped="0">
  <testcase classname="com.Test.ResponseHeaders" name="eTagIsPresent" time="0.204"/>
  <system-out/>
  <testcase classname="com.Test.ResponseHeaders" name="serverIsGithub" time="0.444"/>
  <system-out/>
  <testcase classname="com.Test.ResponseHeaders" name="xRateLimitIsSixty" time="0.222"/>
  <system-out/>
  <testcase classname="com.Test.ResponseHeaders" name="contentTypeIsJson" time="0.561"/>
  <system-out/>
</testsuite> <!-- com.Test.ResponseHeaders -->
