<?xml version="1.0" encoding="UTF-8"?>
<!-- Generated by org.testng.reporters.JUnitReportReporter -->
<testsuite hostname="LIN41006109" failures="0" tests="1" name="com.Test.Get404" time="0.802" errors="0" timestamp="2022-01-22T14:58:45 IST" skipped="0">
  <testcase classname="com.Test.Get404" name="nonExistingUrlReturns404" time="0.802"/>
  <system-out/>
</testsuite> <!-- com.Test.Get404 -->
